<?xml version="1.0" encoding="UTF-8"?>
<!-- Generated by org.testng.reporters.JUnitReportReporter -->
<testsuite hostname="WJLP-1098" name="RamTestCases.Login" tests="17" failures="0" timestamp="29 Apr 2020 18:57:17 GMT" time="231.341" errors="4">
  <testcase name="ValidVehicleID" time="2.370" classname="RamTestCases.Login"/>
  <testcase name="InvalidConfirmNoOfParcel" time="2.244" classname="RamTestCases.Login"/>
  <testcase name="InvalidOdoMeterReading" time="43.587" classname="RamTestCases.Login">
    <error type="org.openqa.selenium.NoSuchElementException" message="An element could not be located on the page using the given search parameters.
For documentation on this error, please visit: https://www.seleniumhq.org/exceptions/no_such_element.html
Build info: version: &#039;3.141.59&#039;, revision: &#039;e82be7d358&#039;, time: &#039;2018-11-14T08:25:53&#039;
System info: host: &#039;WJLP-1098&#039;, ip: &#039;192.168.65.1&#039;, os.name: &#039;Windows 8.1&#039;, os.arch: &#039;x86&#039;, os.version: &#039;6.3&#039;, java.version: &#039;1.8.0_25&#039;
Driver info: io.appium.java_client.android.AndroidDriver
Capabilities {app: C:/Users/nasreenk/Desktop/D..., appActivity: com.ram.courier.activities...., appPackage: com.ram.courier, autoGrantPermission: true, automationName: Appium, databaseEnabled: false, desired: {app: C:/Users/nasreenk/Desktop/D..., appActivity: com.ram.courier.activities...., appPackage: com.ram.courier, autoGrantPermission: true, automationName: Appium, deviceName: Vivo, fullReset: false, noReset: true, platformName: android, platformVersion: 9, udid: 8SSCCMUCKV7SIVRG}, deviceApiLevel: 28, deviceManufacturer: vivo, deviceModel: vivo 1907, deviceName: 8SSCCMUCKV7SIVRG, deviceScreenDensity: 480, deviceScreenSize: 1080x2340, deviceUDID: 8SSCCMUCKV7SIVRG, fullReset: false, javascriptEnabled: true, locationContextEnabled: false, networkConnectionEnabled: true, noReset: true, pixelRatio: 3, platform: LINUX, platformName: Android, platformVersion: 9, statBarHeight: 84, takesScreenshot: true, udid: 8SSCCMUCKV7SIVRG, viewportRect: {height: 2183, left: 0, top: 84, width: 1080}, warnings: {}, webStorageEnabled: false}
Session ID: fd5ae353-72e0-419f-a4b4-c16dd4704017
*** Element info: {Using=id, value=android:id/button1}">
      <![CDATA[org.openqa.selenium.NoSuchElementException: An element could not be located on the page using the given search parameters.
For documentation on this error, please visit: https://www.seleniumhq.org/exceptions/no_such_element.html
Build info: version: '3.141.59', revision: 'e82be7d358', time: '2018-11-14T08:25:53'
System info: host: 'WJLP-1098', ip: '192.168.65.1', os.name: 'Windows 8.1', os.arch: 'x86', os.version: '6.3', java.version: '1.8.0_25'
Driver info: io.appium.java_client.android.AndroidDriver
Capabilities {app: C:/Users/nasreenk/Desktop/D..., appActivity: com.ram.courier.activities...., appPackage: com.ram.courier, autoGrantPermission: true, automationName: Appium, databaseEnabled: false, desired: {app: C:/Users/nasreenk/Desktop/D..., appActivity: com.ram.courier.activities...., appPackage: com.ram.courier, autoGrantPermission: true, automationName: Appium, deviceName: Vivo, fullReset: false, noReset: true, platformName: android, platformVersion: 9, udid: 8SSCCMUCKV7SIVRG}, deviceApiLevel: 28, deviceManufacturer: vivo, deviceModel: vivo 1907, deviceName: 8SSCCMUCKV7SIVRG, deviceScreenDensity: 480, deviceScreenSize: 1080x2340, deviceUDID: 8SSCCMUCKV7SIVRG, fullReset: false, javascriptEnabled: true, locationContextEnabled: false, networkConnectionEnabled: true, noReset: true, pixelRatio: 3, platform: LINUX, platformName: Android, platformVersion: 9, statBarHeight: 84, takesScreenshot: true, udid: 8SSCCMUCKV7SIVRG, viewportRect: {height: 2183, left: 0, top: 84, width: 1080}, warnings: {}, webStorageEnabled: false}
Session ID: fd5ae353-72e0-419f-a4b4-c16dd4704017
*** Element info: {Using=id, value=android:id/button1}
	at sun.reflect.NativeConstructorAccessorImpl.newInstance0(Native Method)
	at sun.reflect.NativeConstructorAccessorImpl.newInstance(Unknown Source)
	at sun.reflect.DelegatingConstructorAccessorImpl.newInstance(Unknown Source)
	at java.lang.reflect.Constructor.newInstance(Unknown Source)
	at org.openqa.selenium.remote.http.W3CHttpResponseCodec.createException(W3CHttpResponseCodec.java:187)
	at org.openqa.selenium.remote.http.W3CHttpResponseCodec.decode(W3CHttpResponseCodec.java:122)
	at org.openqa.selenium.remote.http.W3CHttpResponseCodec.decode(W3CHttpResponseCodec.java:49)
	at org.openqa.selenium.remote.HttpCommandExecutor.execute(HttpCommandExecutor.java:158)
	at io.appium.java_client.remote.AppiumCommandExecutor.execute(AppiumCommandExecutor.java:239)
	at org.openqa.selenium.remote.RemoteWebDriver.execute(RemoteWebDriver.java:552)
	at io.appium.java_client.DefaultGenericMobileDriver.execute(DefaultGenericMobileDriver.java:41)
	at io.appium.java_client.AppiumDriver.execute(AppiumDriver.java:1)
	at io.appium.java_client.android.AndroidDriver.execute(AndroidDriver.java:1)
	at org.openqa.selenium.remote.RemoteWebDriver.findElement(RemoteWebDriver.java:323)
	at io.appium.java_client.DefaultGenericMobileDriver.findElement(DefaultGenericMobileDriver.java:61)
	at io.appium.java_client.AppiumDriver.findElement(AppiumDriver.java:1)
	at io.appium.java_client.android.AndroidDriver.findElement(AndroidDriver.java:1)
	at org.openqa.selenium.remote.RemoteWebDriver.findElementById(RemoteWebDriver.java:372)
	at io.appium.java_client.DefaultGenericMobileDriver.findElementById(DefaultGenericMobileDriver.java:69)
	at io.appium.java_client.AppiumDriver.findElementById(AppiumDriver.java:1)
	at io.appium.java_client.android.AndroidDriver.findElementById(AndroidDriver.java:1)
	at RamTestCases.Login.InvalidOdoMeterReading(Login.java:273)
	at sun.reflect.NativeMethodAccessorImpl.invoke0(Native Method)
	at sun.reflect.NativeMethodAccessorImpl.invoke(Unknown Source)
	at sun.reflect.DelegatingMethodAccessorImpl.invoke(Unknown Source)
	at java.lang.reflect.Method.invoke(Unknown Source)
	at org.testng.internal.MethodInvocationHelper.invokeMethod(MethodInvocationHelper.java:86)
	at org.testng.internal.Invoker.invokeMethod(Invoker.java:645)
	at org.testng.internal.Invoker.invokeTestMethod(Invoker.java:822)
	at org.testng.internal.Invoker.invokeTestMethods(Invoker.java:1130)
	at org.testng.internal.TestMethodWorker.invokeTestMethods(TestMethodWorker.java:129)
	at org.testng.internal.TestMethodWorker.run(TestMethodWorker.java:112)
	at org.testng.TestRunner.privateRun(TestRunner.java:782)
	at org.testng.TestRunner.run(TestRunner.java:632)
	at org.testng.SuiteRunner.runTest(SuiteRunner.java:366)
	at org.testng.SuiteRunner.runSequentially(SuiteRunner.java:361)
	at org.testng.SuiteRunner.privateRun(SuiteRunner.java:319)
	at org.testng.SuiteRunner.run(SuiteRunner.java:268)
	at org.testng.SuiteRunnerWorker.runSuite(SuiteRunnerWorker.java:52)
	at org.testng.SuiteRunnerWorker.run(SuiteRunnerWorker.java:86)
	at org.testng.TestNG.runSuitesSequentially(TestNG.java:1244)
	at org.testng.TestNG.runSuitesLocally(TestNG.java:1169)
	at org.testng.TestNG.run(TestNG.java:1064)
	at org.testng.remote.RemoteTestNG.run(RemoteTestNG.java:113)
	at org.testng.remote.RemoteTestNG.initAndRun(RemoteTestNG.java:206)
	at org.testng.remote.RemoteTestNG.main(RemoteTestNG.java:177)
]]>
    </error>
  </testcase> <!-- InvalidOdoMeterReading -->
  <testcase name="ValidProceedToScan" time="2.274" classname="RamTestCases.Login"/>
  <testcase name="AtTheHub" time="6.508" classname="RamTestCases.Login"/>
  <testcase name="LoginValidCrewMemberID" time="3.342" classname="RamTestCases.Login"/>
  <testcase name="LoginInValidCrewMemberID" time="3.067" classname="RamTestCases.Login"/>
  <testcase name="InValidVehicleID" time="9.245" classname="RamTestCases.Login"/>
  <testcase name="LoginInvalidEnter14DigitId" time="43.274" classname="RamTestCases.Login">
    <error type="org.openqa.selenium.NoSuchElementException" message="An element could not be located on the page using the given search parameters.
For documentation on this error, please visit: https://www.seleniumhq.org/exceptions/no_such_element.html
Build info: version: &#039;3.141.59&#039;, revision: &#039;e82be7d358&#039;, time: &#039;2018-11-14T08:25:53&#039;
System info: host: &#039;WJLP-1098&#039;, ip: &#039;192.168.65.1&#039;, os.name: &#039;Windows 8.1&#039;, os.arch: &#039;x86&#039;, os.version: &#039;6.3&#039;, java.version: &#039;1.8.0_25&#039;
Driver info: io.appium.java_client.android.AndroidDriver
Capabilities {app: C:/Users/nasreenk/Desktop/D..., appActivity: com.ram.courier.activities...., appPackage: com.ram.courier, autoGrantPermission: true, automationName: Appium, databaseEnabled: false, desired: {app: C:/Users/nasreenk/Desktop/D..., appActivity: com.ram.courier.activities...., appPackage: com.ram.courier, autoGrantPermission: true, automationName: Appium, deviceName: Vivo, fullReset: false, noReset: true, platformName: android, platformVersion: 9, udid: 8SSCCMUCKV7SIVRG}, deviceApiLevel: 28, deviceManufacturer: vivo, deviceModel: vivo 1907, deviceName: 8SSCCMUCKV7SIVRG, deviceScreenDensity: 480, deviceScreenSize: 1080x2340, deviceUDID: 8SSCCMUCKV7SIVRG, fullReset: false, javascriptEnabled: true, locationContextEnabled: false, networkConnectionEnabled: true, noReset: true, pixelRatio: 3, platform: LINUX, platformName: Android, platformVersion: 9, statBarHeight: 84, takesScreenshot: true, udid: 8SSCCMUCKV7SIVRG, viewportRect: {height: 2183, left: 0, top: 84, width: 1080}, warnings: {}, webStorageEnabled: false}
Session ID: fd5ae353-72e0-419f-a4b4-c16dd4704017
*** Element info: {Using=id, value=android:id/button1}">
      <![CDATA[org.openqa.selenium.NoSuchElementException: An element could not be located on the page using the given search parameters.
For documentation on this error, please visit: https://www.seleniumhq.org/exceptions/no_such_element.html
Build info: version: '3.141.59', revision: 'e82be7d358', time: '2018-11-14T08:25:53'
System info: host: 'WJLP-1098', ip: '192.168.65.1', os.name: 'Windows 8.1', os.arch: 'x86', os.version: '6.3', java.version: '1.8.0_25'
Driver info: io.appium.java_client.android.AndroidDriver
Capabilities {app: C:/Users/nasreenk/Desktop/D..., appActivity: com.ram.courier.activities...., appPackage: com.ram.courier, autoGrantPermission: true, automationName: Appium, databaseEnabled: false, desired: {app: C:/Users/nasreenk/Desktop/D..., appActivity: com.ram.courier.activities...., appPackage: com.ram.courier, autoGrantPermission: true, automationName: Appium, deviceName: Vivo, fullReset: false, noReset: true, platformName: android, platformVersion: 9, udid: 8SSCCMUCKV7SIVRG}, deviceApiLevel: 28, deviceManufacturer: vivo, deviceModel: vivo 1907, deviceName: 8SSCCMUCKV7SIVRG, deviceScreenDensity: 480, deviceScreenSize: 1080x2340, deviceUDID: 8SSCCMUCKV7SIVRG, fullReset: false, javascriptEnabled: true, locationContextEnabled: false, networkConnectionEnabled: true, noReset: true, pixelRatio: 3, platform: LINUX, platformName: Android, platformVersion: 9, statBarHeight: 84, takesScreenshot: true, udid: 8SSCCMUCKV7SIVRG, viewportRect: {height: 2183, left: 0, top: 84, width: 1080}, warnings: {}, webStorageEnabled: false}
Session ID: fd5ae353-72e0-419f-a4b4-c16dd4704017
*** Element info: {Using=id, value=android:id/button1}
	at sun.reflect.NativeConstructorAccessorImpl.newInstance0(Native Method)
	at sun.reflect.NativeConstructorAccessorImpl.newInstance(Unknown Source)
	at sun.reflect.DelegatingConstructorAccessorImpl.newInstance(Unknown Source)
	at java.lang.reflect.Constructor.newInstance(Unknown Source)
	at org.openqa.selenium.remote.http.W3CHttpResponseCodec.createException(W3CHttpResponseCodec.java:187)
	at org.openqa.selenium.remote.http.W3CHttpResponseCodec.decode(W3CHttpResponseCodec.java:122)
	at org.openqa.selenium.remote.http.W3CHttpResponseCodec.decode(W3CHttpResponseCodec.java:49)
	at org.openqa.selenium.remote.HttpCommandExecutor.execute(HttpCommandExecutor.java:158)
	at io.appium.java_client.remote.AppiumCommandExecutor.execute(AppiumCommandExecutor.java:239)
	at org.openqa.selenium.remote.RemoteWebDriver.execute(RemoteWebDriver.java:552)
	at io.appium.java_client.DefaultGenericMobileDriver.execute(DefaultGenericMobileDriver.java:41)
	at io.appium.java_client.AppiumDriver.execute(AppiumDriver.java:1)
	at io.appium.java_client.android.AndroidDriver.execute(AndroidDriver.java:1)
	at org.openqa.selenium.remote.RemoteWebDriver.findElement(RemoteWebDriver.java:323)
	at io.appium.java_client.DefaultGenericMobileDriver.findElement(DefaultGenericMobileDriver.java:61)
	at io.appium.java_client.AppiumDriver.findElement(AppiumDriver.java:1)
	at io.appium.java_client.android.AndroidDriver.findElement(AndroidDriver.java:1)
	at org.openqa.selenium.remote.RemoteWebDriver.findElementById(RemoteWebDriver.java:372)
	at io.appium.java_client.DefaultGenericMobileDriver.findElementById(DefaultGenericMobileDriver.java:69)
	at io.appium.java_client.AppiumDriver.findElementById(AppiumDriver.java:1)
	at io.appium.java_client.android.AndroidDriver.findElementById(AndroidDriver.java:1)
	at RamTestCases.Login.LoginInvalidEnter14DigitId(Login.java:138)
	at sun.reflect.NativeMethodAccessorImpl.invoke0(Native Method)
	at sun.reflect.NativeMethodAccessorImpl.invoke(Unknown Source)
	at sun.reflect.DelegatingMethodAccessorImpl.invoke(Unknown Source)
	at java.lang.reflect.Method.invoke(Unknown Source)
	at org.testng.internal.MethodInvocationHelper.invokeMethod(MethodInvocationHelper.java:86)
	at org.testng.internal.Invoker.invokeMethod(Invoker.java:645)
	at org.testng.internal.Invoker.invokeTestMethod(Invoker.java:822)
	at org.testng.internal.Invoker.invokeTestMethods(Invoker.java:1130)
	at org.testng.internal.TestMethodWorker.invokeTestMethods(TestMethodWorker.java:129)
	at org.testng.internal.TestMethodWorker.run(TestMethodWorker.java:112)
	at org.testng.TestRunner.privateRun(TestRunner.java:782)
	at org.testng.TestRunner.run(TestRunner.java:632)
	at org.testng.SuiteRunner.runTest(SuiteRunner.java:366)
	at org.testng.SuiteRunner.runSequentially(SuiteRunner.java:361)
	at org.testng.SuiteRunner.privateRun(SuiteRunner.java:319)
	at org.testng.SuiteRunner.run(SuiteRunner.java:268)
	at org.testng.SuiteRunnerWorker.runSuite(SuiteRunnerWorker.java:52)
	at org.testng.SuiteRunnerWorker.run(SuiteRunnerWorker.java:86)
	at org.testng.TestNG.runSuitesSequentially(TestNG.java:1244)
	at org.testng.TestNG.runSuitesLocally(TestNG.java:1169)
	at org.testng.TestNG.run(TestNG.java:1064)
	at org.testng.remote.RemoteTestNG.run(RemoteTestNG.java:113)
	at org.testng.remote.RemoteTestNG.initAndRun(RemoteTestNG.java:206)
	at org.testng.remote.RemoteTestNG.main(RemoteTestNG.java:177)
]]>
    </error>
  </testcase> <!-- LoginInvalidEnter14DigitId -->
  <testcase name="LoginValidDriverID" time="40.735" classname="RamTestCases.Login">
    <error type="org.openqa.selenium.NoSuchElementException" message="An element could not be located on the page using the given search parameters.
For documentation on this error, please visit: https://www.seleniumhq.org/exceptions/no_such_element.html
Build info: version: &#039;3.141.59&#039;, revision: &#039;e82be7d358&#039;, time: &#039;2018-11-14T08:25:53&#039;
System info: host: &#039;WJLP-1098&#039;, ip: &#039;192.168.65.1&#039;, os.name: &#039;Windows 8.1&#039;, os.arch: &#039;x86&#039;, os.version: &#039;6.3&#039;, java.version: &#039;1.8.0_25&#039;
Driver info: io.appium.java_client.android.AndroidDriver
Capabilities {app: C:/Users/nasreenk/Desktop/D..., appActivity: com.ram.courier.activities...., appPackage: com.ram.courier, autoGrantPermission: true, automationName: Appium, databaseEnabled: false, desired: {app: C:/Users/nasreenk/Desktop/D..., appActivity: com.ram.courier.activities...., appPackage: com.ram.courier, autoGrantPermission: true, automationName: Appium, deviceName: Vivo, fullReset: false, noReset: true, platformName: android, platformVersion: 9, udid: 8SSCCMUCKV7SIVRG}, deviceApiLevel: 28, deviceManufacturer: vivo, deviceModel: vivo 1907, deviceName: 8SSCCMUCKV7SIVRG, deviceScreenDensity: 480, deviceScreenSize: 1080x2340, deviceUDID: 8SSCCMUCKV7SIVRG, fullReset: false, javascriptEnabled: true, locationContextEnabled: false, networkConnectionEnabled: true, noReset: true, pixelRatio: 3, platform: LINUX, platformName: Android, platformVersion: 9, statBarHeight: 84, takesScreenshot: true, udid: 8SSCCMUCKV7SIVRG, viewportRect: {height: 2183, left: 0, top: 84, width: 1080}, warnings: {}, webStorageEnabled: false}
Session ID: fd5ae353-72e0-419f-a4b4-c16dd4704017
*** Element info: {Using=id, value=com.ram.courier:id/edt_ram_employee_id}">
      <![CDATA[org.openqa.selenium.NoSuchElementException: An element could not be located on the page using the given search parameters.
For documentation on this error, please visit: https://www.seleniumhq.org/exceptions/no_such_element.html
Build info: version: '3.141.59', revision: 'e82be7d358', time: '2018-11-14T08:25:53'
System info: host: 'WJLP-1098', ip: '192.168.65.1', os.name: 'Windows 8.1', os.arch: 'x86', os.version: '6.3', java.version: '1.8.0_25'
Driver info: io.appium.java_client.android.AndroidDriver
Capabilities {app: C:/Users/nasreenk/Desktop/D..., appActivity: com.ram.courier.activities...., appPackage: com.ram.courier, autoGrantPermission: true, automationName: Appium, databaseEnabled: false, desired: {app: C:/Users/nasreenk/Desktop/D..., appActivity: com.ram.courier.activities...., appPackage: com.ram.courier, autoGrantPermission: true, automationName: Appium, deviceName: Vivo, fullReset: false, noReset: true, platformName: android, platformVersion: 9, udid: 8SSCCMUCKV7SIVRG}, deviceApiLevel: 28, deviceManufacturer: vivo, deviceModel: vivo 1907, deviceName: 8SSCCMUCKV7SIVRG, deviceScreenDensity: 480, deviceScreenSize: 1080x2340, deviceUDID: 8SSCCMUCKV7SIVRG, fullReset: false, javascriptEnabled: true, locationContextEnabled: false, networkConnectionEnabled: true, noReset: true, pixelRatio: 3, platform: LINUX, platformName: Android, platformVersion: 9, statBarHeight: 84, takesScreenshot: true, udid: 8SSCCMUCKV7SIVRG, viewportRect: {height: 2183, left: 0, top: 84, width: 1080}, warnings: {}, webStorageEnabled: false}
Session ID: fd5ae353-72e0-419f-a4b4-c16dd4704017
*** Element info: {Using=id, value=com.ram.courier:id/edt_ram_employee_id}
	at sun.reflect.NativeConstructorAccessorImpl.newInstance0(Native Method)
	at sun.reflect.NativeConstructorAccessorImpl.newInstance(Unknown Source)
	at sun.reflect.DelegatingConstructorAccessorImpl.newInstance(Unknown Source)
	at java.lang.reflect.Constructor.newInstance(Unknown Source)
	at org.openqa.selenium.remote.http.W3CHttpResponseCodec.createException(W3CHttpResponseCodec.java:187)
	at org.openqa.selenium.remote.http.W3CHttpResponseCodec.decode(W3CHttpResponseCodec.java:122)
	at org.openqa.selenium.remote.http.W3CHttpResponseCodec.decode(W3CHttpResponseCodec.java:49)
	at org.openqa.selenium.remote.HttpCommandExecutor.execute(HttpCommandExecutor.java:158)
	at io.appium.java_client.remote.AppiumCommandExecutor.execute(AppiumCommandExecutor.java:239)
	at org.openqa.selenium.remote.RemoteWebDriver.execute(RemoteWebDriver.java:552)
	at io.appium.java_client.DefaultGenericMobileDriver.execute(DefaultGenericMobileDriver.java:41)
	at io.appium.java_client.AppiumDriver.execute(AppiumDriver.java:1)
	at io.appium.java_client.android.AndroidDriver.execute(AndroidDriver.java:1)
	at org.openqa.selenium.remote.RemoteWebDriver.findElement(RemoteWebDriver.java:323)
	at io.appium.java_client.DefaultGenericMobileDriver.findElement(DefaultGenericMobileDriver.java:61)
	at io.appium.java_client.AppiumDriver.findElement(AppiumDriver.java:1)
	at io.appium.java_client.android.AndroidDriver.findElement(AndroidDriver.java:1)
	at org.openqa.selenium.remote.RemoteWebDriver.findElementById(RemoteWebDriver.java:372)
	at io.appium.java_client.DefaultGenericMobileDriver.findElementById(DefaultGenericMobileDriver.java:69)
	at io.appium.java_client.AppiumDriver.findElementById(AppiumDriver.java:1)
	at io.appium.java_client.android.AndroidDriver.findElementById(AndroidDriver.java:1)
	at RamTestCases.Login.LoginValidDriverID(Login.java:148)
	at sun.reflect.NativeMethodAccessorImpl.invoke0(Native Method)
	at sun.reflect.NativeMethodAccessorImpl.invoke(Unknown Source)
	at sun.reflect.DelegatingMethodAccessorImpl.invoke(Unknown Source)
	at java.lang.reflect.Method.invoke(Unknown Source)
	at org.testng.internal.MethodInvocationHelper.invokeMethod(MethodInvocationHelper.java:86)
	at org.testng.internal.Invoker.invokeMethod(Invoker.java:645)
	at org.testng.internal.Invoker.invokeTestMethod(Invoker.java:822)
	at org.testng.internal.Invoker.invokeTestMethods(Invoker.java:1130)
	at org.testng.internal.TestMethodWorker.invokeTestMethods(TestMethodWorker.java:129)
	at org.testng.internal.TestMethodWorker.run(TestMethodWorker.java:112)
	at org.testng.TestRunner.privateRun(TestRunner.java:782)
	at org.testng.TestRunner.run(TestRunner.java:632)
	at org.testng.SuiteRunner.runTest(SuiteRunner.java:366)
	at org.testng.SuiteRunner.runSequentially(SuiteRunner.java:361)
	at org.testng.SuiteRunner.privateRun(SuiteRunner.java:319)
	at org.testng.SuiteRunner.run(SuiteRunner.java:268)
	at org.testng.SuiteRunnerWorker.runSuite(SuiteRunnerWorker.java:52)
	at org.testng.SuiteRunnerWorker.run(SuiteRunnerWorker.java:86)
	at org.testng.TestNG.runSuitesSequentially(TestNG.java:1244)
	at org.testng.TestNG.runSuitesLocally(TestNG.java:1169)
	at org.testng.TestNG.run(TestNG.java:1064)
	at org.testng.remote.RemoteTestNG.run(RemoteTestNG.java:113)
	at org.testng.remote.RemoteTestNG.initAndRun(RemoteTestNG.java:206)
	at org.testng.remote.RemoteTestNG.main(RemoteTestNG.java:177)
]]>
    </error>
  </testcase> <!-- LoginValidDriverID -->
  <testcase name="LoginInvalidEnter12DigitId" time="2.032" classname="RamTestCases.Login"/>
  <testcase name="InvalidProceedToScan" time="6.500" classname="RamTestCases.Login"/>
  <testcase name="InvalidManifestID" time="11.601" classname="RamTestCases.Login"/>
  <testcase name="TapOnOnTheRoad" time="40.460" classname="RamTestCases.Login">
    <error type="org.openqa.selenium.NoSuchElementException" message="An element could not be located on the page using the given search parameters.
For documentation on this error, please visit: https://www.seleniumhq.org/exceptions/no_such_element.html
Build info: version: &#039;3.141.59&#039;, revision: &#039;e82be7d358&#039;, time: &#039;2018-11-14T08:25:53&#039;
System info: host: &#039;WJLP-1098&#039;, ip: &#039;192.168.65.1&#039;, os.name: &#039;Windows 8.1&#039;, os.arch: &#039;x86&#039;, os.version: &#039;6.3&#039;, java.version: &#039;1.8.0_25&#039;
Driver info: io.appium.java_client.android.AndroidDriver
Capabilities {app: C:/Users/nasreenk/Desktop/D..., appActivity: com.ram.courier.activities...., appPackage: com.ram.courier, autoGrantPermission: true, automationName: Appium, databaseEnabled: false, desired: {app: C:/Users/nasreenk/Desktop/D..., appActivity: com.ram.courier.activities...., appPackage: com.ram.courier, autoGrantPermission: true, automationName: Appium, deviceName: Vivo, fullReset: false, noReset: true, platformName: android, platformVersion: 9, udid: 8SSCCMUCKV7SIVRG}, deviceApiLevel: 28, deviceManufacturer: vivo, deviceModel: vivo 1907, deviceName: 8SSCCMUCKV7SIVRG, deviceScreenDensity: 480, deviceScreenSize: 1080x2340, deviceUDID: 8SSCCMUCKV7SIVRG, fullReset: false, javascriptEnabled: true, locationContextEnabled: false, networkConnectionEnabled: true, noReset: true, pixelRatio: 3, platform: LINUX, platformName: Android, platformVersion: 9, statBarHeight: 84, takesScreenshot: true, udid: 8SSCCMUCKV7SIVRG, viewportRect: {height: 2183, left: 0, top: 84, width: 1080}, warnings: {}, webStorageEnabled: false}
Session ID: fd5ae353-72e0-419f-a4b4-c16dd4704017
*** Element info: {Using=id, value=com.ram.courier:id/btn_on_the_road}">
      <![CDATA[org.openqa.selenium.NoSuchElementException: An element could not be located on the page using the given search parameters.
For documentation on this error, please visit: https://www.seleniumhq.org/exceptions/no_such_element.html
Build info: version: '3.141.59', revision: 'e82be7d358', time: '2018-11-14T08:25:53'
System info: host: 'WJLP-1098', ip: '192.168.65.1', os.name: 'Windows 8.1', os.arch: 'x86', os.version: '6.3', java.version: '1.8.0_25'
Driver info: io.appium.java_client.android.AndroidDriver
Capabilities {app: C:/Users/nasreenk/Desktop/D..., appActivity: com.ram.courier.activities...., appPackage: com.ram.courier, autoGrantPermission: true, automationName: Appium, databaseEnabled: false, desired: {app: C:/Users/nasreenk/Desktop/D..., appActivity: com.ram.courier.activities...., appPackage: com.ram.courier, autoGrantPermission: true, automationName: Appium, deviceName: Vivo, fullReset: false, noReset: true, platformName: android, platformVersion: 9, udid: 8SSCCMUCKV7SIVRG}, deviceApiLevel: 28, deviceManufacturer: vivo, deviceModel: vivo 1907, deviceName: 8SSCCMUCKV7SIVRG, deviceScreenDensity: 480, deviceScreenSize: 1080x2340, deviceUDID: 8SSCCMUCKV7SIVRG, fullReset: false, javascriptEnabled: true, locationContextEnabled: false, networkConnectionEnabled: true, noReset: true, pixelRatio: 3, platform: LINUX, platformName: Android, platformVersion: 9, statBarHeight: 84, takesScreenshot: true, udid: 8SSCCMUCKV7SIVRG, viewportRect: {height: 2183, left: 0, top: 84, width: 1080}, warnings: {}, webStorageEnabled: false}
Session ID: fd5ae353-72e0-419f-a4b4-c16dd4704017
*** Element info: {Using=id, value=com.ram.courier:id/btn_on_the_road}
	at sun.reflect.NativeConstructorAccessorImpl.newInstance0(Native Method)
	at sun.reflect.NativeConstructorAccessorImpl.newInstance(Unknown Source)
	at sun.reflect.DelegatingConstructorAccessorImpl.newInstance(Unknown Source)
	at java.lang.reflect.Constructor.newInstance(Unknown Source)
	at org.openqa.selenium.remote.http.W3CHttpResponseCodec.createException(W3CHttpResponseCodec.java:187)
	at org.openqa.selenium.remote.http.W3CHttpResponseCodec.decode(W3CHttpResponseCodec.java:122)
	at org.openqa.selenium.remote.http.W3CHttpResponseCodec.decode(W3CHttpResponseCodec.java:49)
	at org.openqa.selenium.remote.HttpCommandExecutor.execute(HttpCommandExecutor.java:158)
	at io.appium.java_client.remote.AppiumCommandExecutor.execute(AppiumCommandExecutor.java:239)
	at org.openqa.selenium.remote.RemoteWebDriver.execute(RemoteWebDriver.java:552)
	at io.appium.java_client.DefaultGenericMobileDriver.execute(DefaultGenericMobileDriver.java:41)
	at io.appium.java_client.AppiumDriver.execute(AppiumDriver.java:1)
	at io.appium.java_client.android.AndroidDriver.execute(AndroidDriver.java:1)
	at org.openqa.selenium.remote.RemoteWebDriver.findElement(RemoteWebDriver.java:323)
	at io.appium.java_client.DefaultGenericMobileDriver.findElement(DefaultGenericMobileDriver.java:61)
	at io.appium.java_client.AppiumDriver.findElement(AppiumDriver.java:1)
	at io.appium.java_client.android.AndroidDriver.findElement(AndroidDriver.java:1)
	at org.openqa.selenium.remote.RemoteWebDriver.findElementById(RemoteWebDriver.java:372)
	at io.appium.java_client.DefaultGenericMobileDriver.findElementById(DefaultGenericMobileDriver.java:69)
	at io.appium.java_client.AppiumDriver.findElementById(AppiumDriver.java:1)
	at io.appium.java_client.android.AndroidDriver.findElementById(AndroidDriver.java:1)
	at RamTestCases.Login.TapOnOnTheRoad(Login.java:292)
	at sun.reflect.NativeMethodAccessorImpl.invoke0(Native Method)
	at sun.reflect.NativeMethodAccessorImpl.invoke(Unknown Source)
	at sun.reflect.DelegatingMethodAccessorImpl.invoke(Unknown Source)
	at java.lang.reflect.Method.invoke(Unknown Source)
	at org.testng.internal.MethodInvocationHelper.invokeMethod(MethodInvocationHelper.java:86)
	at org.testng.internal.Invoker.invokeMethod(Invoker.java:645)
	at org.testng.internal.Invoker.invokeTestMethod(Invoker.java:822)
	at org.testng.internal.Invoker.invokeTestMethods(Invoker.java:1130)
	at org.testng.internal.TestMethodWorker.invokeTestMethods(TestMethodWorker.java:129)
	at org.testng.internal.TestMethodWorker.run(TestMethodWorker.java:112)
	at org.testng.TestRunner.privateRun(TestRunner.java:782)
	at org.testng.TestRunner.run(TestRunner.java:632)
	at org.testng.SuiteRunner.runTest(SuiteRunner.java:366)
	at org.testng.SuiteRunner.runSequentially(SuiteRunner.java:361)
	at org.testng.SuiteRunner.privateRun(SuiteRunner.java:319)
	at org.testng.SuiteRunner.run(SuiteRunner.java:268)
	at org.testng.SuiteRunnerWorker.runSuite(SuiteRunnerWorker.java:52)
	at org.testng.SuiteRunnerWorker.run(SuiteRunnerWorker.java:86)
	at org.testng.TestNG.runSuitesSequentially(TestNG.java:1244)
	at org.testng.TestNG.runSuitesLocally(TestNG.java:1169)
	at org.testng.TestNG.run(TestNG.java:1064)
	at org.testng.remote.RemoteTestNG.run(RemoteTestNG.java:113)
	at org.testng.remote.RemoteTestNG.initAndRun(RemoteTestNG.java:206)
	at org.testng.remote.RemoteTestNG.main(RemoteTestNG.java:177)
]]>
    </error>
  </testcase> <!-- TapOnOnTheRoad -->
  <testcase name="ValidManifestID" time="9.364" classname="RamTestCases.Login"/>
  <testcase name="ValidConfirmNoOfParcel" time="2.449" classname="RamTestCases.Login"/>
  <testcase name="ValidOdoMeterReading" time="2.289" classname="RamTestCases.Login"/>
</testsuite> <!-- RamTestCases.Login -->
